c:\users\jack\documents\github\sdl_game_2019\gameengine\x64\release\gameengine.pdb
c:\users\jack\documents\github\sdl_game_2019\gameengine\x64\release\window.obj
c:\users\jack\documents\github\sdl_game_2019\gameengine\x64\release\timing.obj
c:\users\jack\documents\github\sdl_game_2019\gameengine\x64\release\texturecache.obj
c:\users\jack\documents\github\sdl_game_2019\gameengine\x64\release\spritesheet.obj
c:\users\jack\documents\github\sdl_game_2019\gameengine\x64\release\spritebatch.obj
c:\users\jack\documents\github\sdl_game_2019\gameengine\x64\release\sprite.obj
c:\users\jack\documents\github\sdl_game_2019\gameengine\x64\release\sound.obj
c:\users\jack\documents\github\sdl_game_2019\gameengine\x64\release\resourcemanager.obj
c:\users\jack\documents\github\sdl_game_2019\gameengine\x64\release\picopng.obj
c:\users\jack\documents\github\sdl_game_2019\gameengine\x64\release\iomanager.obj
c:\users\jack\documents\github\sdl_game_2019\gameengine\x64\release\inputmanager.obj
c:\users\jack\documents\github\sdl_game_2019\gameengine\x64\release\imageloader.obj
c:\users\jack\documents\github\sdl_game_2019\gameengine\x64\release\glslprogram.obj
c:\users\jack\documents\github\sdl_game_2019\gameengine\x64\release\gameengine.obj
c:\users\jack\documents\github\sdl_game_2019\gameengine\x64\release\errors.obj
c:\users\jack\documents\github\sdl_game_2019\gameengine\x64\release\drawtext.obj
c:\users\jack\documents\github\sdl_game_2019\gameengine\x64\release\collisiondetection.obj
c:\users\jack\documents\github\sdl_game_2019\gameengine\x64\release\camera2d.obj
c:\users\jack\documents\github\sdl_game_2019\x64\release\gameengine.lib
c:\users\jack\documents\github\sdl_game_2019\gameengine\x64\release\gameengine.res
c:\users\jack\documents\github\sdl_game_2019\gameengine\x64\release\gameengine.tlog\cl.command.1.tlog
c:\users\jack\documents\github\sdl_game_2019\gameengine\x64\release\gameengine.tlog\cl.read.1.tlog
c:\users\jack\documents\github\sdl_game_2019\gameengine\x64\release\gameengine.tlog\cl.write.1.tlog
c:\users\jack\documents\github\sdl_game_2019\gameengine\x64\release\gameengine.tlog\lib-link-cvtres.read.1.tlog
c:\users\jack\documents\github\sdl_game_2019\gameengine\x64\release\gameengine.tlog\lib-link-cvtres.write.1.tlog
c:\users\jack\documents\github\sdl_game_2019\gameengine\x64\release\gameengine.tlog\lib.command.1.tlog
c:\users\jack\documents\github\sdl_game_2019\gameengine\x64\release\gameengine.tlog\rc.command.1.tlog
c:\users\jack\documents\github\sdl_game_2019\gameengine\x64\release\gameengine.tlog\rc.read.1.tlog
c:\users\jack\documents\github\sdl_game_2019\gameengine\x64\release\gameengine.tlog\rc.write.1.tlog
