c:\users\jack\documents\github\sdl_game_2019\project1\debug\vc141.pdb
c:\users\jack\documents\github\sdl_game_2019\project1\debug\vc141.idb
c:\users\jack\documents\github\sdl_game_2019\project1\debug\wallturretcollection.obj
c:\users\jack\documents\github\sdl_game_2019\project1\debug\wallturret.obj
c:\users\jack\documents\github\sdl_game_2019\project1\debug\wallcollection.obj
c:\users\jack\documents\github\sdl_game_2019\project1\debug\wall.obj
c:\users\jack\documents\github\sdl_game_2019\project1\debug\randomgeneration.obj
c:\users\jack\documents\github\sdl_game_2019\project1\debug\projectilecollection.obj
c:\users\jack\documents\github\sdl_game_2019\project1\debug\projectile.obj
c:\users\jack\documents\github\sdl_game_2019\project1\debug\player.obj
c:\users\jack\documents\github\sdl_game_2019\project1\debug\pathfinding.obj
c:\users\jack\documents\github\sdl_game_2019\project1\debug\maingame.obj
c:\users\jack\documents\github\sdl_game_2019\project1\debug\main.obj
c:\users\jack\documents\github\sdl_game_2019\project1\debug\enemydronecollection.obj
c:\users\jack\documents\github\sdl_game_2019\project1\debug\enemydrone.obj
c:\users\jack\documents\github\sdl_game_2019\debug\game.ilk
c:\users\jack\documents\github\sdl_game_2019\debug\game.exe
c:\users\jack\documents\github\sdl_game_2019\debug\game.pdb
c:\users\jack\documents\github\sdl_game_2019\project1\debug\game.tlog\cl.command.1.tlog
c:\users\jack\documents\github\sdl_game_2019\project1\debug\game.tlog\cl.read.1.tlog
c:\users\jack\documents\github\sdl_game_2019\project1\debug\game.tlog\cl.write.1.tlog
c:\users\jack\documents\github\sdl_game_2019\project1\debug\game.tlog\link.command.1.tlog
c:\users\jack\documents\github\sdl_game_2019\project1\debug\game.tlog\link.read.1.tlog
c:\users\jack\documents\github\sdl_game_2019\project1\debug\game.tlog\link.write.1.tlog
