  Camera2D.cpp
c:\users\jack\documents\github\sdl_game_2019\gameengine\camera2d.cpp(26): warning C4244: '=': conversion from 'int' to 'T', possible loss of data
          with
          [
              T=float
          ]
c:\users\jack\documents\github\sdl_game_2019\gameengine\camera2d.cpp(27): warning C4244: '=': conversion from 'int' to 'T', possible loss of data
          with
          [
              T=float
          ]
c:\users\jack\documents\github\sdl_game_2019\gameengine\camera2d.cpp(87): warning C4244: '=': conversion from 'double' to 'T', possible loss of data
          with
          [
              T=float
          ]
c:\users\jack\documents\github\sdl_game_2019\gameengine\camera2d.cpp(88): warning C4244: '=': conversion from 'double' to 'T', possible loss of data
          with
          [
              T=float
          ]
c:\users\jack\documents\github\sdl_game_2019\gameengine\camera2d.cpp(91): warning C4305: '*=': truncation from 'double' to 'float'
  CollisionDetection.cpp
c:\users\jack\documents\github\sdl_game_2019\gameengine\collisiondetection.cpp(429): warning C4244: '=': conversion from 'float' to 'int', possible loss of data
c:\users\jack\documents\github\sdl_game_2019\gameengine\collisiondetection.cpp(435): warning C4244: '=': conversion from 'float' to 'int', possible loss of data
c:\users\jack\documents\github\sdl_game_2019\gameengine\collisiondetection.cpp(441): warning C4244: '=': conversion from 'float' to 'int', possible loss of data
c:\users\jack\documents\github\sdl_game_2019\gameengine\collisiondetection.cpp(447): warning C4244: '=': conversion from 'float' to 'int', possible loss of data
c:\users\jack\documents\github\sdl_game_2019\gameengine\collisiondetection.cpp(481): warning C4244: 'return': conversion from 'double' to 'float', possible loss of data
c:\users\jack\documents\github\sdl_game_2019\gameengine\collisiondetection.cpp(485): warning C4244: 'return': conversion from 'double' to 'float', possible loss of data
c:\users\jack\documents\github\sdl_game_2019\gameengine\collisiondetection.cpp(489): warning C4244: 'return': conversion from 'double' to 'float', possible loss of data
  DrawText.cpp
  Errors.cpp
  GameEngine.cpp
c:\users\jack\documents\github\sdl_game_2019\gameengine\gameengine.cpp(47): warning C4305: 'initializing': truncation from 'double' to 'float'
c:\users\jack\documents\github\sdl_game_2019\gameengine\gameengine.cpp(48): warning C4244: 'argument': conversion from 'double' to 'GLfloat', possible loss of data
c:\users\jack\documents\github\sdl_game_2019\gameengine\gameengine.cpp(49): warning C4244: 'argument': conversion from 'double' to 'GLfloat', possible loss of data
c:\users\jack\documents\github\sdl_game_2019\gameengine\gameengine.cpp(93): warning C4305: 'initializing': truncation from 'double' to 'float'
  GLSLProgram.cpp
  ImageLoader.cpp
  InputManager.cpp
  IOManager.cpp
c:\users\jack\documents\github\sdl_game_2019\gameengine\iomanager.cpp(18): warning C4244: 'initializing': conversion from 'std::streamoff' to 'int', possible loss of data
c:\users\jack\documents\github\sdl_game_2019\gameengine\iomanager.cpp(22): warning C4244: '-=': conversion from 'std::streamoff' to 'int', possible loss of data
  picoPNG.cpp
  ResourceManager.cpp
  Sound.cpp
  Sprite.cpp
  SpriteBatch.cpp
c:\users\jack\documents\github\sdl_game_2019\gameengine\spritebatch.cpp(31): warning C4244: '=': conversion from 'float' to 'GLubyte', possible loss of data
c:\users\jack\documents\github\sdl_game_2019\gameengine\spritebatch.cpp(32): warning C4244: '=': conversion from 'float' to 'GLubyte', possible loss of data
c:\users\jack\documents\github\sdl_game_2019\gameengine\spritebatch.cpp(33): warning C4244: '=': conversion from 'float' to 'GLubyte', possible loss of data
c:\users\jack\documents\github\sdl_game_2019\gameengine\spritebatch.cpp(34): warning C4244: '=': conversion from 'float' to 'GLubyte', possible loss of data
  SpriteSheet.cpp
c:\users\jack\documents\github\sdl_game_2019\gameengine\spritesheet.cpp(16): warning C4244: '=': conversion from 'int' to 'float', possible loss of data
c:\users\jack\documents\github\sdl_game_2019\gameengine\spritesheet.cpp(17): warning C4244: '=': conversion from 'int' to 'float', possible loss of data
c:\users\jack\documents\github\sdl_game_2019\gameengine\spritesheet.cpp(18): warning C4244: '=': conversion from 'int' to 'float', possible loss of data
  TextureCache.cpp
  Timing.cpp
c:\users\jack\documents\github\sdl_game_2019\gameengine\timing.cpp(24): warning C4244: 'initializing': conversion from 'Uint32' to 'float', possible loss of data
c:\users\jack\documents\github\sdl_game_2019\gameengine\timing.cpp(41): warning C4244: 'initializing': conversion from 'Uint32' to 'float', possible loss of data
c:\users\jack\documents\github\sdl_game_2019\gameengine\timing.cpp(44): warning C4244: 'initializing': conversion from 'Uint32' to 'float', possible loss of data
  Window.cpp
  Generating Code...
c:\users\jack\documents\github\sdl_game_2019\gameengine\drawtext.cpp(174): warning C4715: 'GameEngine::DrawText::getIndexFromString': not all control paths return a value
c:\users\jack\documents\github\sdl_game_2019\gameengine\collisiondetection.cpp(491): warning C4715: 'GameEngine::CollisionDetection::getAngle': not all control paths return a value
  GameEngine.vcxproj -> C:\Users\Jack\Documents\GitHub\SDL_game_2019\x64\Debug\GameEngine.lib
