c:\users\jack\documents\github\sdl_game_2019\gameengine\x64\debug\gameengine.pdb
c:\users\jack\documents\github\sdl_game_2019\gameengine\x64\debug\gameengine.idb
c:\users\jack\documents\github\sdl_game_2019\gameengine\x64\debug\window.obj
c:\users\jack\documents\github\sdl_game_2019\gameengine\x64\debug\timing.obj
c:\users\jack\documents\github\sdl_game_2019\gameengine\x64\debug\texturecache.obj
c:\users\jack\documents\github\sdl_game_2019\gameengine\x64\debug\spritesheet.obj
c:\users\jack\documents\github\sdl_game_2019\gameengine\x64\debug\spritebatch.obj
c:\users\jack\documents\github\sdl_game_2019\gameengine\x64\debug\sprite.obj
c:\users\jack\documents\github\sdl_game_2019\gameengine\x64\debug\sound.obj
c:\users\jack\documents\github\sdl_game_2019\gameengine\x64\debug\resourcemanager.obj
c:\users\jack\documents\github\sdl_game_2019\gameengine\x64\debug\picopng.obj
c:\users\jack\documents\github\sdl_game_2019\gameengine\x64\debug\iomanager.obj
c:\users\jack\documents\github\sdl_game_2019\gameengine\x64\debug\inputmanager.obj
c:\users\jack\documents\github\sdl_game_2019\gameengine\x64\debug\imageloader.obj
c:\users\jack\documents\github\sdl_game_2019\gameengine\x64\debug\glslprogram.obj
c:\users\jack\documents\github\sdl_game_2019\gameengine\x64\debug\gameengine.obj
c:\users\jack\documents\github\sdl_game_2019\gameengine\x64\debug\errors.obj
c:\users\jack\documents\github\sdl_game_2019\gameengine\x64\debug\drawtext.obj
c:\users\jack\documents\github\sdl_game_2019\gameengine\x64\debug\collisiondetection.obj
c:\users\jack\documents\github\sdl_game_2019\gameengine\x64\debug\camera2d.obj
c:\users\jack\documents\github\sdl_game_2019\x64\debug\gameengine.lib
c:\users\jack\documents\github\sdl_game_2019\gameengine\x64\debug\gameengine.res
c:\users\jack\documents\github\sdl_game_2019\x64\debug\gameengine.pdb
c:\users\jack\documents\github\sdl_game_2019\gameengine\x64\debug\gameengine.tlog\cl.command.1.tlog
c:\users\jack\documents\github\sdl_game_2019\gameengine\x64\debug\gameengine.tlog\cl.read.1.tlog
c:\users\jack\documents\github\sdl_game_2019\gameengine\x64\debug\gameengine.tlog\cl.write.1.tlog
c:\users\jack\documents\github\sdl_game_2019\gameengine\x64\debug\gameengine.tlog\lib-link-cvtres.read.1.tlog
c:\users\jack\documents\github\sdl_game_2019\gameengine\x64\debug\gameengine.tlog\lib-link-cvtres.write.1.tlog
c:\users\jack\documents\github\sdl_game_2019\gameengine\x64\debug\gameengine.tlog\lib.command.1.tlog
c:\users\jack\documents\github\sdl_game_2019\gameengine\x64\debug\gameengine.tlog\rc.command.1.tlog
c:\users\jack\documents\github\sdl_game_2019\gameengine\x64\debug\gameengine.tlog\rc.read.1.tlog
c:\users\jack\documents\github\sdl_game_2019\gameengine\x64\debug\gameengine.tlog\rc.write.1.tlog
