c:\users\jack\documents\github\sdl_game_2019\project1\x64\debug\vc141.pdb
c:\users\jack\documents\github\sdl_game_2019\project1\x64\debug\vc141.idb
c:\users\jack\documents\github\sdl_game_2019\project1\x64\debug\wallturretcollection.obj
c:\users\jack\documents\github\sdl_game_2019\project1\x64\debug\wallturret.obj
c:\users\jack\documents\github\sdl_game_2019\project1\x64\debug\wallcollection.obj
c:\users\jack\documents\github\sdl_game_2019\project1\x64\debug\wall.obj
c:\users\jack\documents\github\sdl_game_2019\project1\x64\debug\randomgeneration.obj
c:\users\jack\documents\github\sdl_game_2019\project1\x64\debug\projectilecollection.obj
c:\users\jack\documents\github\sdl_game_2019\project1\x64\debug\projectile.obj
c:\users\jack\documents\github\sdl_game_2019\project1\x64\debug\player.obj
c:\users\jack\documents\github\sdl_game_2019\project1\x64\debug\pathfinding.obj
c:\users\jack\documents\github\sdl_game_2019\project1\x64\debug\maingame.obj
c:\users\jack\documents\github\sdl_game_2019\project1\x64\debug\main.obj
c:\users\jack\documents\github\sdl_game_2019\project1\x64\debug\enemydronecollection.obj
c:\users\jack\documents\github\sdl_game_2019\project1\x64\debug\enemydrone.obj
c:\users\jack\documents\github\sdl_game_2019\project1\x64\debug\game.tlog\cl.command.1.tlog
c:\users\jack\documents\github\sdl_game_2019\project1\x64\debug\game.tlog\cl.read.1.tlog
c:\users\jack\documents\github\sdl_game_2019\project1\x64\debug\game.tlog\cl.write.1.tlog
c:\users\jack\documents\github\sdl_game_2019\project1\x64\debug\game.tlog\link.10272.read.1.tlog
c:\users\jack\documents\github\sdl_game_2019\project1\x64\debug\game.tlog\link.10272.write.1.tlog
c:\users\jack\documents\github\sdl_game_2019\project1\x64\debug\game.tlog\link.17136.read.1.tlog
c:\users\jack\documents\github\sdl_game_2019\project1\x64\debug\game.tlog\link.17136.write.1.tlog
c:\users\jack\documents\github\sdl_game_2019\project1\x64\debug\game.tlog\link.26156.read.1.tlog
c:\users\jack\documents\github\sdl_game_2019\project1\x64\debug\game.tlog\link.26156.write.1.tlog
c:\users\jack\documents\github\sdl_game_2019\project1\x64\debug\game.tlog\link.27188.read.1.tlog
c:\users\jack\documents\github\sdl_game_2019\project1\x64\debug\game.tlog\link.27188.write.1.tlog
c:\users\jack\documents\github\sdl_game_2019\project1\x64\debug\game.tlog\link.9752.read.1.tlog
c:\users\jack\documents\github\sdl_game_2019\project1\x64\debug\game.tlog\link.9752.write.1.tlog
c:\users\jack\documents\github\sdl_game_2019\project1\x64\debug\game.tlog\link.command.1.tlog
c:\users\jack\documents\github\sdl_game_2019\project1\x64\debug\game.tlog\link.read.1.tlog
c:\users\jack\documents\github\sdl_game_2019\project1\x64\debug\game.tlog\link.write.1.tlog
