  MainGame.cpp
c:\users\jack\documents\github\ai stuff\ai_stuff\sdl neural\project1\maingame.cpp(40): warning C4244: 'argument': conversion from 'time_t' to 'unsigned int', possible loss of data
c:\users\jack\documents\github\ai stuff\ai_stuff\sdl neural\project1\maingame.cpp(74): warning C4305: '+=': truncation from 'double' to 'float'
c:\users\jack\documents\github\ai stuff\ai_stuff\sdl neural\project1\maingame.cpp(127): warning C4244: 'argument': conversion from 'Sint32' to 'float', possible loss of data
c:\users\jack\documents\github\ai stuff\ai_stuff\sdl neural\project1\maingame.cpp(203): warning C4244: 'argument': conversion from 'double' to 'float', possible loss of data
c:\users\jack\documents\github\ai stuff\ai_stuff\sdl neural\project1\maingame.cpp(221): warning C4244: '=': conversion from 'float' to 'GLubyte', possible loss of data
  NN.cpp
c:\users\jack\documents\github\ai stuff\ai_stuff\sdl neural\project1\nn.cpp(30): warning C4244: 'initializing': conversion from 'double' to 'float', possible loss of data
c:\users\jack\documents\github\ai stuff\ai_stuff\sdl neural\project1\nn.cpp(38): warning C4244: '+=': conversion from 'double' to 'float', possible loss of data
c:\users\jack\documents\github\ai stuff\ai_stuff\sdl neural\project1\nn.cpp(94): warning C4244: '=': conversion from 'double' to 'float', possible loss of data
c:\users\jack\documents\github\ai stuff\ai_stuff\sdl neural\project1\nn.cpp(132): warning C4244: 'argument': conversion from 'time_t' to 'unsigned int', possible loss of data
c:\users\jack\documents\github\ai stuff\ai_stuff\sdl neural\project1\nn.cpp(182): warning C4244: '=': conversion from 'double' to 'float', possible loss of data
c:\users\jack\documents\github\ai stuff\ai_stuff\sdl neural\project1\nn.cpp(185): warning C4244: '=': conversion from 'double' to 'float', possible loss of data
c:\users\jack\documents\github\ai stuff\ai_stuff\sdl neural\project1\nn.cpp(198): warning C4305: 'argument': truncation from 'double' to 'float'
c:\users\jack\documents\github\ai stuff\ai_stuff\sdl neural\project1\nn.cpp(208): warning C4244: '=': conversion from 'int' to 'float', possible loss of data
c:\users\jack\documents\github\ai stuff\ai_stuff\sdl neural\project1\nn.cpp(217): warning C4244: '=': conversion from 'double' to 'float', possible loss of data
c:\users\jack\documents\github\ai stuff\ai_stuff\sdl neural\project1\nn.cpp(220): warning C4244: '=': conversion from 'double' to 'float', possible loss of data
  main.cpp
  Generating code
  27 of 1166 functions ( 2.3%) were compiled, the rest were copied from previous compilation.
    0 functions were new in current compilation
    15 functions had inline decision re-evaluated but remain unchanged
  Finished generating code
  Project1.vcxproj -> C:\Users\Jack\Documents\GitHub\ai stuff\ai_stuff\SDL neural\x64\Release\Game.exe
